ERROR - 2022-12-13 05:32:00 --> Error connecting to the database: mysqli_sql_exception: Access denied for user 'root'@'localhost' (using password: YES) in /Applications/MAMP/htdocs/CI/vendor/codeigniter4/framework/system/Database/MySQLi/Connection.php:170
Stack trace:
#0 /Applications/MAMP/htdocs/CI/vendor/codeigniter4/framework/system/Database/MySQLi/Connection.php(170): mysqli->real_connect('localhost', 'root', Object(SensitiveParameterValue), 'codeigniter_db', 3306, '', 0)
#1 /Applications/MAMP/htdocs/CI/vendor/codeigniter4/framework/system/Database/BaseConnection.php(382): CodeIgniter\Database\MySQLi\Connection->connect(false)
#2 /Applications/MAMP/htdocs/CI/vendor/codeigniter4/framework/system/Database/BaseConnection.php(561): CodeIgniter\Database\BaseConnection->initialize()
#3 /Applications/MAMP/htdocs/CI/vendor/codeigniter4/framework/system/Database/BaseBuilder.php(1585): CodeIgniter\Database\BaseConnection->query('SELECT 1\nFROM `...', Array, false)
#4 /Applications/MAMP/htdocs/CI/vendor/codeigniter4/framework/system/Validation/Rules.php(142): CodeIgniter\Database\BaseBuilder->get()
#5 /Applications/MAMP/htdocs/CI/vendor/codeigniter4/framework/system/Validation/Validation.php(315): CodeIgniter\Validation\Rules->is_unique('asc@gmail.com', 'email', Array, NULL, 'email')
#6 /Applications/MAMP/htdocs/CI/vendor/codeigniter4/framework/system/Validation/Validation.php(175): CodeIgniter\Validation\Validation->processRules('email', 'email', 'asc@gmail.com', Array, Array)
#7 /Applications/MAMP/htdocs/CI/vendor/codeigniter4/framework/system/Controller.php(140): CodeIgniter\Validation\Validation->run()
#8 /Applications/MAMP/htdocs/CI/app/Controllers/SignupController.php(25): CodeIgniter\Controller->validate(Array)
#9 /Applications/MAMP/htdocs/CI/vendor/codeigniter4/framework/system/CodeIgniter.php(927): App\Controllers\SignupController->store()
#10 /Applications/MAMP/htdocs/CI/vendor/codeigniter4/framework/system/CodeIgniter.php(482): CodeIgniter\CodeIgniter->runController(Object(App\Controllers\SignupController))
#11 /Applications/MAMP/htdocs/CI/vendor/codeigniter4/framework/system/CodeIgniter.php(351): CodeIgniter\CodeIgniter->handleRequest(NULL, Object(Config\Cache), false)
#12 /Applications/MAMP/htdocs/CI/public/index.php(67): CodeIgniter\CodeIgniter->run()
#13 /Applications/MAMP/htdocs/CI/vendor/codeigniter4/framework/system/Commands/Server/rewrite.php(46): require_once('/Applications/M...')
#14 {main}

Next CodeIgniter\Database\Exceptions\DatabaseException: Access denied for user '****'@'localhost' (using password: YES) in /Applications/MAMP/htdocs/CI/vendor/codeigniter4/framework/system/Database/MySQLi/Connection.php:215
Stack trace:
#0 /Applications/MAMP/htdocs/CI/vendor/codeigniter4/framework/system/Database/BaseConnection.php(382): CodeIgniter\Database\MySQLi\Connection->connect(false)
#1 /Applications/MAMP/htdocs/CI/vendor/codeigniter4/framework/system/Database/BaseConnection.php(561): CodeIgniter\Database\BaseConnection->initialize()
#2 /Applications/MAMP/htdocs/CI/vendor/codeigniter4/framework/system/Database/BaseBuilder.php(1585): CodeIgniter\Database\BaseConnection->query('SELECT 1\nFROM `...', Array, false)
#3 /Applications/MAMP/htdocs/CI/vendor/codeigniter4/framework/system/Validation/Rules.php(142): CodeIgniter\Database\BaseBuilder->get()
#4 /Applications/MAMP/htdocs/CI/vendor/codeigniter4/framework/system/Validation/Validation.php(315): CodeIgniter\Validation\Rules->is_unique('asc@gmail.com', 'email', Array, NULL, 'email')
#5 /Applications/MAMP/htdocs/CI/vendor/codeigniter4/framework/system/Validation/Validation.php(175): CodeIgniter\Validation\Validation->processRules('email', 'email', 'asc@gmail.com', Array, Array)
#6 /Applications/MAMP/htdocs/CI/vendor/codeigniter4/framework/system/Controller.php(140): CodeIgniter\Validation\Validation->run()
#7 /Applications/MAMP/htdocs/CI/app/Controllers/SignupController.php(25): CodeIgniter\Controller->validate(Array)
#8 /Applications/MAMP/htdocs/CI/vendor/codeigniter4/framework/system/CodeIgniter.php(927): App\Controllers\SignupController->store()
#9 /Applications/MAMP/htdocs/CI/vendor/codeigniter4/framework/system/CodeIgniter.php(482): CodeIgniter\CodeIgniter->runController(Object(App\Controllers\SignupController))
#10 /Applications/MAMP/htdocs/CI/vendor/codeigniter4/framework/system/CodeIgniter.php(351): CodeIgniter\CodeIgniter->handleRequest(NULL, Object(Config\Cache), false)
#11 /Applications/MAMP/htdocs/CI/public/index.php(67): CodeIgniter\CodeIgniter->run()
#12 /Applications/MAMP/htdocs/CI/vendor/codeigniter4/framework/system/Commands/Server/rewrite.php(46): require_once('/Applications/M...')
#13 {main}
CRITICAL - 2022-12-13 05:32:00 --> Unable to connect to the database.
Main connection [MySQLi]: Access denied for user '****'@'localhost' (using password: YES)
in SYSTEMPATH/Database/BaseConnection.php on line 418.
 1 SYSTEMPATH/Database/BaseConnection.php(561): CodeIgniter\Database\BaseConnection->initialize()
 2 SYSTEMPATH/Database/BaseBuilder.php(1585): CodeIgniter\Database\BaseConnection->query('SELECT 1
FROM `users`
WHERE `email` = :email:
 LIMIT 1', [...], false)
 3 SYSTEMPATH/Validation/Rules.php(142): CodeIgniter\Database\BaseBuilder->get()
 4 SYSTEMPATH/Validation/Validation.php(315): CodeIgniter\Validation\Rules->is_unique('asc@gmail.com', 'email', [...], null, 'email')
 5 SYSTEMPATH/Validation/Validation.php(175): CodeIgniter\Validation\Validation->processRules('email', 'email', 'asc@gmail.com', [...], [...])
 6 SYSTEMPATH/Controller.php(140): CodeIgniter\Validation\Validation->run()
 7 APPPATH/Controllers/SignupController.php(25): CodeIgniter\Controller->validate([...])
 8 SYSTEMPATH/CodeIgniter.php(927): App\Controllers\SignupController->store()
 9 SYSTEMPATH/CodeIgniter.php(482): CodeIgniter\CodeIgniter->runController(Object(App\Controllers\SignupController))
10 SYSTEMPATH/CodeIgniter.php(351): CodeIgniter\CodeIgniter->handleRequest(null, Object(Config\Cache), false)
11 FCPATH/index.php(67): CodeIgniter\CodeIgniter->run()
12 SYSTEMPATH/Commands/Server/rewrite.php(46): require_once('FCPATH/index.php')
ERROR - 2022-12-13 05:32:56 --> Error connecting to the database: mysqli_sql_exception: Unknown database 'codeigniter_db' in /Applications/MAMP/htdocs/CI/vendor/codeigniter4/framework/system/Database/MySQLi/Connection.php:170
Stack trace:
#0 /Applications/MAMP/htdocs/CI/vendor/codeigniter4/framework/system/Database/MySQLi/Connection.php(170): mysqli->real_connect('localhost', 'root', Object(SensitiveParameterValue), 'codeigniter_db', 3306, '', 0)
#1 /Applications/MAMP/htdocs/CI/vendor/codeigniter4/framework/system/Database/BaseConnection.php(382): CodeIgniter\Database\MySQLi\Connection->connect(false)
#2 /Applications/MAMP/htdocs/CI/vendor/codeigniter4/framework/system/Database/BaseConnection.php(561): CodeIgniter\Database\BaseConnection->initialize()
#3 /Applications/MAMP/htdocs/CI/vendor/codeigniter4/framework/system/Database/BaseBuilder.php(1585): CodeIgniter\Database\BaseConnection->query('SELECT 1\nFROM `...', Array, false)
#4 /Applications/MAMP/htdocs/CI/vendor/codeigniter4/framework/system/Validation/Rules.php(142): CodeIgniter\Database\BaseBuilder->get()
#5 /Applications/MAMP/htdocs/CI/vendor/codeigniter4/framework/system/Validation/Validation.php(315): CodeIgniter\Validation\Rules->is_unique('asc@gmail.com', 'email', Array, NULL, 'email')
#6 /Applications/MAMP/htdocs/CI/vendor/codeigniter4/framework/system/Validation/Validation.php(175): CodeIgniter\Validation\Validation->processRules('email', 'email', 'asc@gmail.com', Array, Array)
#7 /Applications/MAMP/htdocs/CI/vendor/codeigniter4/framework/system/Controller.php(140): CodeIgniter\Validation\Validation->run()
#8 /Applications/MAMP/htdocs/CI/app/Controllers/SignupController.php(25): CodeIgniter\Controller->validate(Array)
#9 /Applications/MAMP/htdocs/CI/vendor/codeigniter4/framework/system/CodeIgniter.php(927): App\Controllers\SignupController->store()
#10 /Applications/MAMP/htdocs/CI/vendor/codeigniter4/framework/system/CodeIgniter.php(482): CodeIgniter\CodeIgniter->runController(Object(App\Controllers\SignupController))
#11 /Applications/MAMP/htdocs/CI/vendor/codeigniter4/framework/system/CodeIgniter.php(351): CodeIgniter\CodeIgniter->handleRequest(NULL, Object(Config\Cache), false)
#12 /Applications/MAMP/htdocs/CI/public/index.php(67): CodeIgniter\CodeIgniter->run()
#13 /Applications/MAMP/htdocs/CI/vendor/codeigniter4/framework/system/Commands/Server/rewrite.php(46): require_once('/Applications/M...')
#14 {main}

Next CodeIgniter\Database\Exceptions\DatabaseException: Unknown database 'codeigniter_db' in /Applications/MAMP/htdocs/CI/vendor/codeigniter4/framework/system/Database/MySQLi/Connection.php:215
Stack trace:
#0 /Applications/MAMP/htdocs/CI/vendor/codeigniter4/framework/system/Database/BaseConnection.php(382): CodeIgniter\Database\MySQLi\Connection->connect(false)
#1 /Applications/MAMP/htdocs/CI/vendor/codeigniter4/framework/system/Database/BaseConnection.php(561): CodeIgniter\Database\BaseConnection->initialize()
#2 /Applications/MAMP/htdocs/CI/vendor/codeigniter4/framework/system/Database/BaseBuilder.php(1585): CodeIgniter\Database\BaseConnection->query('SELECT 1\nFROM `...', Array, false)
#3 /Applications/MAMP/htdocs/CI/vendor/codeigniter4/framework/system/Validation/Rules.php(142): CodeIgniter\Database\BaseBuilder->get()
#4 /Applications/MAMP/htdocs/CI/vendor/codeigniter4/framework/system/Validation/Validation.php(315): CodeIgniter\Validation\Rules->is_unique('asc@gmail.com', 'email', Array, NULL, 'email')
#5 /Applications/MAMP/htdocs/CI/vendor/codeigniter4/framework/system/Validation/Validation.php(175): CodeIgniter\Validation\Validation->processRules('email', 'email', 'asc@gmail.com', Array, Array)
#6 /Applications/MAMP/htdocs/CI/vendor/codeigniter4/framework/system/Controller.php(140): CodeIgniter\Validation\Validation->run()
#7 /Applications/MAMP/htdocs/CI/app/Controllers/SignupController.php(25): CodeIgniter\Controller->validate(Array)
#8 /Applications/MAMP/htdocs/CI/vendor/codeigniter4/framework/system/CodeIgniter.php(927): App\Controllers\SignupController->store()
#9 /Applications/MAMP/htdocs/CI/vendor/codeigniter4/framework/system/CodeIgniter.php(482): CodeIgniter\CodeIgniter->runController(Object(App\Controllers\SignupController))
#10 /Applications/MAMP/htdocs/CI/vendor/codeigniter4/framework/system/CodeIgniter.php(351): CodeIgniter\CodeIgniter->handleRequest(NULL, Object(Config\Cache), false)
#11 /Applications/MAMP/htdocs/CI/public/index.php(67): CodeIgniter\CodeIgniter->run()
#12 /Applications/MAMP/htdocs/CI/vendor/codeigniter4/framework/system/Commands/Server/rewrite.php(46): require_once('/Applications/M...')
#13 {main}
CRITICAL - 2022-12-13 05:32:56 --> Unable to connect to the database.
Main connection [MySQLi]: Unknown database 'codeigniter_db'
in SYSTEMPATH/Database/BaseConnection.php on line 418.
 1 SYSTEMPATH/Database/BaseConnection.php(561): CodeIgniter\Database\BaseConnection->initialize()
 2 SYSTEMPATH/Database/BaseBuilder.php(1585): CodeIgniter\Database\BaseConnection->query('SELECT 1
FROM `users`
WHERE `email` = :email:
 LIMIT 1', [...], false)
 3 SYSTEMPATH/Validation/Rules.php(142): CodeIgniter\Database\BaseBuilder->get()
 4 SYSTEMPATH/Validation/Validation.php(315): CodeIgniter\Validation\Rules->is_unique('asc@gmail.com', 'email', [...], null, 'email')
 5 SYSTEMPATH/Validation/Validation.php(175): CodeIgniter\Validation\Validation->processRules('email', 'email', 'asc@gmail.com', [...], [...])
 6 SYSTEMPATH/Controller.php(140): CodeIgniter\Validation\Validation->run()
 7 APPPATH/Controllers/SignupController.php(25): CodeIgniter\Controller->validate([...])
 8 SYSTEMPATH/CodeIgniter.php(927): App\Controllers\SignupController->store()
 9 SYSTEMPATH/CodeIgniter.php(482): CodeIgniter\CodeIgniter->runController(Object(App\Controllers\SignupController))
10 SYSTEMPATH/CodeIgniter.php(351): CodeIgniter\CodeIgniter->handleRequest(null, Object(Config\Cache), false)
11 FCPATH/index.php(67): CodeIgniter\CodeIgniter->run()
12 SYSTEMPATH/Commands/Server/rewrite.php(46): require_once('FCPATH/index.php')
CRITICAL - 2022-12-13 13:39:41 --> Undefined variable $session
in APPPATH/Views/sorting.php on line 114.
 1 APPPATH/Views/sorting.php(114): CodeIgniter\Debug\Exceptions->errorHandler(2, 'Undefined variable $session', 'APPPATH/Views/sorting.php', 114)
 2 SYSTEMPATH/View/View.php(213): include('APPPATH/Views/sorting.php')
 3 SYSTEMPATH/View/View.php(216): CodeIgniter\View\View->CodeIgniter\View\{closure}()
 4 SYSTEMPATH/Common.php(1134): CodeIgniter\View\View->render('sorting', [], true)
 5 APPPATH/Controllers/ProfileController.php(10): view('sorting')
 6 SYSTEMPATH/CodeIgniter.php(927): App\Controllers\ProfileController->index()
 7 SYSTEMPATH/CodeIgniter.php(482): CodeIgniter\CodeIgniter->runController(Object(App\Controllers\ProfileController))
 8 SYSTEMPATH/CodeIgniter.php(351): CodeIgniter\CodeIgniter->handleRequest(null, Object(Config\Cache), false)
 9 FCPATH/index.php(67): CodeIgniter\CodeIgniter->run()
10 SYSTEMPATH/Commands/Server/rewrite.php(46): require_once('FCPATH/index.php')
CRITICAL - 2022-12-13 13:51:07 --> syntax error, unexpected token ">"
in APPPATH/Views/sorting.php on line 116.
 1 SYSTEMPATH/View/View.php(216): CodeIgniter\View\View->CodeIgniter\View\{closure}()
 2 SYSTEMPATH/Common.php(1134): CodeIgniter\View\View->render('sorting', [], true)
 3 APPPATH/Controllers/ProfileController.php(10): view('sorting')
 4 SYSTEMPATH/CodeIgniter.php(927): App\Controllers\ProfileController->index()
 5 SYSTEMPATH/CodeIgniter.php(482): CodeIgniter\CodeIgniter->runController(Object(App\Controllers\ProfileController))
 6 SYSTEMPATH/CodeIgniter.php(351): CodeIgniter\CodeIgniter->handleRequest(null, Object(Config\Cache), false)
 7 FCPATH/index.php(67): CodeIgniter\CodeIgniter->run()
 8 SYSTEMPATH/Commands/Server/rewrite.php(46): require_once('FCPATH/index.php')
CRITICAL - 2022-12-13 13:52:30 --> syntax error, unexpected token "."
in APPPATH/Views/sorting.php on line 116.
 1 SYSTEMPATH/View/View.php(216): CodeIgniter\View\View->CodeIgniter\View\{closure}()
 2 SYSTEMPATH/Common.php(1134): CodeIgniter\View\View->render('sorting', [], true)
 3 APPPATH/Controllers/ProfileController.php(10): view('sorting')
 4 SYSTEMPATH/CodeIgniter.php(927): App\Controllers\ProfileController->index()
 5 SYSTEMPATH/CodeIgniter.php(482): CodeIgniter\CodeIgniter->runController(Object(App\Controllers\ProfileController))
 6 SYSTEMPATH/CodeIgniter.php(351): CodeIgniter\CodeIgniter->handleRequest(null, Object(Config\Cache), false)
 7 FCPATH/index.php(67): CodeIgniter\CodeIgniter->run()
 8 SYSTEMPATH/Commands/Server/rewrite.php(46): require_once('FCPATH/index.php')
