CRITICAL - 2022-12-14 14:14:59 --> Invalid file: edit_user.php
in SYSTEMPATH/Exceptions/FrameworkException.php on line 33.
 1 SYSTEMPATH/View/View.php(201): CodeIgniter\Exceptions\FrameworkException::forInvalidFile('edit_user.php')
 2 SYSTEMPATH/Common.php(1134): CodeIgniter\View\View->render('edit_user', [], true)
 3 APPPATH/Controllers/UserCrud.php(32): view('edit_user', [...])
 4 SYSTEMPATH/CodeIgniter.php(927): App\Controllers\UserCrud->singleUser('7')
 5 SYSTEMPATH/CodeIgniter.php(482): CodeIgniter\CodeIgniter->runController(Object(App\Controllers\UserCrud))
 6 SYSTEMPATH/CodeIgniter.php(351): CodeIgniter\CodeIgniter->handleRequest(null, Object(Config\Cache), false)
 7 FCPATH/index.php(67): CodeIgniter\CodeIgniter->run()
 8 SYSTEMPATH/Commands/Server/rewrite.php(46): require_once('FCPATH/index.php')
CRITICAL - 2022-12-14 14:15:24 --> Invalid file: edit_user.php
in SYSTEMPATH/Exceptions/FrameworkException.php on line 33.
 1 SYSTEMPATH/View/View.php(201): CodeIgniter\Exceptions\FrameworkException::forInvalidFile('edit_user.php')
 2 SYSTEMPATH/Common.php(1134): CodeIgniter\View\View->render('edit_user', [], true)
 3 APPPATH/Controllers/UserCrud.php(32): view('edit_user', [...])
 4 SYSTEMPATH/CodeIgniter.php(927): App\Controllers\UserCrud->singleUser('1')
 5 SYSTEMPATH/CodeIgniter.php(482): CodeIgniter\CodeIgniter->runController(Object(App\Controllers\UserCrud))
 6 SYSTEMPATH/CodeIgniter.php(351): CodeIgniter\CodeIgniter->handleRequest(null, Object(Config\Cache), false)
 7 FCPATH/index.php(67): CodeIgniter\CodeIgniter->run()
 8 SYSTEMPATH/Commands/Server/rewrite.php(46): require_once('FCPATH/index.php')
